<?xml version="1.0" encoding="UTF-8"?>
<testng-results skipped="0" failed="0" total="2" passed="2">
  <reporter-output>
  </reporter-output>
  <suite name="Suite" duration-ms="38141" started-at="2016-11-19T19:47:45Z" finished-at="2016-11-19T19:48:23Z">
    <groups>
    </groups>
    <test name="Test" duration-ms="38141" started-at="2016-11-19T19:47:45Z" finished-at="2016-11-19T19:48:23Z">
      <class name="example.GoogleTest">
        <test-method status="PASS" signature="beforeTest()[pri:0, instance:example.GoogleTest@271053e1]" name="beforeTest" is-config="true" duration-ms="10551" started-at="2016-11-19T11:47:45Z" finished-at="2016-11-19T11:47:56Z">
          <reporter-output>
          </reporter-output>
        </test-method> <!-- beforeTest -->
        <test-method status="PASS" signature="beforeTest()[pri:0, instance:example.NewTest@56ac3a89]" name="beforeTest" is-config="true" duration-ms="6867" started-at="2016-11-19T11:47:56Z" finished-at="2016-11-19T11:48:02Z">
          <reporter-output>
          </reporter-output>
        </test-method> <!-- beforeTest -->
        <test-method status="PASS" signature="testEasy()[pri:0, instance:example.GoogleTest@271053e1]" name="testEasy" duration-ms="3457" started-at="2016-11-19T11:48:03Z" finished-at="2016-11-19T11:48:06Z">
          <reporter-output>
          </reporter-output>
        </test-method> <!-- testEasy -->
        <test-method status="PASS" signature="afterTest()[pri:0, instance:example.GoogleTest@271053e1]" name="afterTest" is-config="true" duration-ms="1068" started-at="2016-11-19T11:48:21Z" finished-at="2016-11-19T11:48:22Z">
          <reporter-output>
          </reporter-output>
        </test-method> <!-- afterTest -->
        <test-method status="PASS" signature="afterTest()[pri:0, instance:example.NewTest@56ac3a89]" name="afterTest" is-config="true" duration-ms="928" started-at="2016-11-19T11:48:22Z" finished-at="2016-11-19T11:48:23Z">
          <reporter-output>
          </reporter-output>
        </test-method> <!-- afterTest -->
      </class> <!-- example.GoogleTest -->
      <class name="example.NewTest">
        <test-method status="PASS" signature="testEasy()[pri:0, instance:example.NewTest@56ac3a89]" name="testEasy" duration-ms="15153" started-at="2016-11-19T11:48:06Z" finished-at="2016-11-19T11:48:21Z">
          <reporter-output>
          </reporter-output>
        </test-method> <!-- testEasy -->
      </class> <!-- example.NewTest -->
    </test> <!-- Test -->
  </suite> <!-- Suite -->
</testng-results>
